1550098201.194536 client started (94640): version 2.8, socket /tmp//tmux-501/default, protocol 8
1550098201.194599 on Darwin 17.7.0 Darwin Kernel Version 17.7.0: Fri Jul  6 19:54:51 PDT 2018; root:xnu-4570.71.3~2/RELEASE_X86_64; libevent 2.1.8-stable (select)
1550098201.194646 socket is /tmp//tmux-501/default
1550098201.194674 trying connect
1550098201.194715 connect failed: No such file or directory
1550098201.195221 lock file is /tmp//tmux-501/default.lock
1550098201.195311 flock succeeded
1550098201.195322 got lock (7)
1550098201.195335 trying connect
1550098201.195355 connect failed: No such file or directory
1550098201.196122 add peer 0x7f9b9e849c00: 8 (0x0)
1550098201.198093 sending message 100 to peer 0x7f9b9e849c00 (4 bytes)
1550098201.198118 sending message 101 to peer 0x7f9b9e849c00 (15 bytes)
1550098201.198137 sending message 102 to peer 0x7f9b9e849c00 (13 bytes)
1550098201.198148 sending message 108 to peer 0x7f9b9e849c00 (55 bytes)
1550098201.198174 sending message 104 to peer 0x7f9b9e849c00 (0 bytes)
1550098201.198186 sending message 107 to peer 0x7f9b9e849c00 (4 bytes)
1550098201.198196 sending message 105 to peer 0x7f9b9e849c00 (43 bytes)
1550098201.198208 sending message 105 to peer 0x7f9b9e849c00 (28 bytes)
1550098201.198218 sending message 105 to peer 0x7f9b9e849c00 (51 bytes)
1550098201.198229 sending message 105 to peer 0x7f9b9e849c00 (16 bytes)
1550098201.198244 sending message 105 to peer 0x7f9b9e849c00 (20 bytes)
1550098201.198260 sending message 105 to peer 0x7f9b9e849c00 (57 bytes)
1550098201.198271 sending message 105 to peer 0x7f9b9e849c00 (57 bytes)
1550098201.198284 sending message 105 to peer 0x7f9b9e849c00 (76 bytes)
1550098201.198295 sending message 105 to peer 0x7f9b9e849c00 (25 bytes)
1550098201.198305 sending message 105 to peer 0x7f9b9e849c00 (40 bytes)
1550098201.198315 sending message 105 to peer 0x7f9b9e849c00 (57 bytes)
1550098201.198329 sending message 105 to peer 0x7f9b9e849c00 (53 bytes)
1550098201.198342 sending message 105 to peer 0x7f9b9e849c00 (19 bytes)
1550098201.198352 sending message 105 to peer 0x7f9b9e849c00 (20 bytes)
1550098201.198362 sending message 105 to peer 0x7f9b9e849c00 (35 bytes)
1550098201.198373 sending message 105 to peer 0x7f9b9e849c00 (66 bytes)
1550098201.198385 sending message 105 to peer 0x7f9b9e849c00 (32 bytes)
1550098201.198397 sending message 105 to peer 0x7f9b9e849c00 (487 bytes)
1550098201.198411 sending message 105 to peer 0x7f9b9e849c00 (59 bytes)
1550098201.198421 sending message 105 to peer 0x7f9b9e849c00 (17 bytes)
1550098201.198431 sending message 105 to peer 0x7f9b9e849c00 (20 bytes)
1550098201.198442 sending message 105 to peer 0x7f9b9e849c00 (14 bytes)
1550098201.198452 sending message 105 to peer 0x7f9b9e849c00 (22 bytes)
1550098201.198463 sending message 105 to peer 0x7f9b9e849c00 (19 bytes)
1550098201.198473 sending message 105 to peer 0x7f9b9e849c00 (28 bytes)
1550098201.198483 sending message 105 to peer 0x7f9b9e849c00 (8 bytes)
1550098201.198496 sending message 105 to peer 0x7f9b9e849c00 (26 bytes)
1550098201.198508 sending message 105 to peer 0x7f9b9e849c00 (22 bytes)
1550098201.198518 sending message 105 to peer 0x7f9b9e849c00 (100 bytes)
1550098201.198529 sending message 105 to peer 0x7f9b9e849c00 (31 bytes)
1550098201.198541 sending message 105 to peer 0x7f9b9e849c00 (28 bytes)
1550098201.198551 sending message 105 to peer 0x7f9b9e849c00 (24 bytes)
1550098201.198561 sending message 105 to peer 0x7f9b9e849c00 (17 bytes)
1550098201.198576 sending message 105 to peer 0x7f9b9e849c00 (22 bytes)
1550098201.198590 sending message 106 to peer 0x7f9b9e849c00 (0 bytes)
1550098201.198609 sending message 200 to peer 0x7f9b9e849c00 (4 bytes)
1550098201.198619 client loop enter
1550098201.230895 peer 0x7f9b9e849c00 message 207
1550098201.230920 sending message 208 to peer 0x7f9b9e849c00 (0 bytes)
1550098424.791276 client loop exit
